<?xml version="1.0" encoding="UTF-8"?>
<testsuite xmlns:xsi="http://www.w3.org/2001/XMLSchema-instance" xsi:noNamespaceSchemaLocation="https://maven.apache.org/surefire/maven-surefire-plugin/xsd/surefire-test-report.xsd" name="com.example.TicketTest" time="0.085" tests="18" errors="0" skipped="0" failures="0">
  <properties>
    <property name="java.specification.version" value="17"/>
    <property name="sun.cpu.isalist" value="amd64"/>
    <property name="sun.jnu.encoding" value="Cp1252"/>
    <property name="java.class.path" value="E:\Desktop_Rumi\TicketPrice\target\test-classes;E:\Desktop_Rumi\TicketPrice\target\classes;C:\Users\Nguyen Duc Thien\.m2\repository\junit\junit\4.11\junit-4.11.jar;C:\Users\Nguyen Duc Thien\.m2\repository\org\hamcrest\hamcrest-core\1.3\hamcrest-core-1.3.jar;"/>
    <property name="java.vm.vendor" value="Microsoft"/>
    <property name="sun.arch.data.model" value="64"/>
    <property name="user.variant" value=""/>
    <property name="java.vendor.url" value="https://www.microsoft.com"/>
    <property name="user.timezone" value="Asia/Saigon"/>
    <property name="os.name" value="Windows 11"/>
    <property name="java.vm.specification.version" value="17"/>
    <property name="sun.java.launcher" value="SUN_STANDARD"/>
    <property name="user.country" value="US"/>
    <property name="sun.boot.library.path" value="C:\Program Files\Microsoft\jdk-17.0.10.7-hotspot\bin"/>
    <property name="sun.java.command" value="C:\Users\NGUYEN~1\AppData\Local\Temp\surefire6687626529343654635\surefirebooter3099840005520819532.jar C:\Users\Nguyen Duc Thien\AppData\Local\Temp\surefire6687626529343654635 2024-03-17T13-29-55_949-jvmRun1 surefire10038037480542503472tmp surefire_014496613614793118382tmp"/>
    <property name="jdk.debug" value="release"/>
    <property name="surefire.test.class.path" value="E:\Desktop_Rumi\TicketPrice\target\test-classes;E:\Desktop_Rumi\TicketPrice\target\classes;C:\Users\Nguyen Duc Thien\.m2\repository\junit\junit\4.11\junit-4.11.jar;C:\Users\Nguyen Duc Thien\.m2\repository\org\hamcrest\hamcrest-core\1.3\hamcrest-core-1.3.jar;"/>
    <property name="sun.cpu.endian" value="little"/>
    <property name="user.home" value="C:\Users\Nguyen Duc Thien"/>
    <property name="user.language" value="en"/>
    <property name="java.specification.vendor" value="Oracle Corporation"/>
    <property name="java.version.date" value="2024-01-16"/>
    <property name="java.home" value="C:\Program Files\Microsoft\jdk-17.0.10.7-hotspot"/>
    <property name="file.separator" value="\"/>
    <property name="basedir" value="E:\Desktop_Rumi\TicketPrice"/>
    <property name="java.vm.compressedOopsMode" value="Zero based"/>
    <property name="line.separator" value="&#10;"/>
    <property name="java.vm.specification.vendor" value="Oracle Corporation"/>
    <property name="java.specification.name" value="Java Platform API Specification"/>
    <property name="surefire.real.class.path" value="C:\Users\NGUYEN~1\AppData\Local\Temp\surefire6687626529343654635\surefirebooter3099840005520819532.jar"/>
    <property name="user.script" value=""/>
    <property name="sun.management.compiler" value="HotSpot 64-Bit Tiered Compilers"/>
    <property name="java.runtime.version" value="17.0.10+7-LTS"/>
    <property name="user.name" value="Nguyen Duc Thien"/>
    <property name="path.separator" value=";"/>
    <property name="os.version" value="10.0"/>
    <property name="java.runtime.name" value="OpenJDK Runtime Environment"/>
    <property name="file.encoding" value="Cp1252"/>
    <property name="java.vm.name" value="OpenJDK 64-Bit Server VM"/>
    <property name="java.vendor.version" value="Microsoft-8902769"/>
    <property name="localRepository" value="C:\Users\Nguyen Duc Thien\.m2\repository"/>
    <property name="java.vendor.url.bug" value="https://github.com/microsoft/openjdk/issues"/>
    <property name="java.io.tmpdir" value="C:\Users\NGUYEN~1\AppData\Local\Temp\"/>
    <property name="java.version" value="17.0.10"/>
    <property name="user.dir" value="E:\Desktop_Rumi\TicketPrice"/>
    <property name="os.arch" value="amd64"/>
    <property name="java.vm.specification.name" value="Java Virtual Machine Specification"/>
    <property name="sun.os.patch.level" value=""/>
    <property name="native.encoding" value="Cp1252"/>
    <property name="java.library.path" value="C:\Program Files\Microsoft\jdk-17.0.10.7-hotspot\bin;C:\WINDOWS\Sun\Java\bin;C:\WINDOWS\system32;C:\WINDOWS;C:\Program Files\Microsoft\jdk-17.0.10.7-hotspot\bin;C:\Program Files\Python311\Scripts\;C:\Program Files\Python311\;C:\Program Files (x86)\VMware\VMware Workstation\bin\;C:\Program Files\Common Files\Oracle\Java\javapath;C:\Windows\system32;C:\Windows;C:\Windows\System32\Wbem;C:\Windows\System32\WindowsPowerShell\v1.0\;C:\Windows\System32\OpenSSH\;C:\Program Files (x86)\NVIDIA Corporation\PhysX\Common;C:\Program Files\NVIDIA Corporation\NVIDIA NvDLISR;C:\WINDOWS\system32;C:\WINDOWS;C:\WINDOWS\System32\Wbem;C:\WINDOWS\System32\WindowsPowerShell\v1.0\;C:\WINDOWS\System32\OpenSSH\;C:\msys64\mingw64\bin;C:\Program Files\Git\cmd;C:\Program Files\Java\jdk-18.0.1.1\bin;C:\Program Files\MySQL\MySQL Server 8.0\bin;C:\Program Files\MySQL\MySQL Shell 8.0\bin;C:\Program Files\MySQL\MySQL Server 8.2\bin;C:\Program Files\dotnet\;C:\Program Files\Redis\;C:\Program Files\Microsoft SQL Server\Client SDK\ODBC\170\Tools\Binn\;C:\Program Files\dotnet;C:\ProgramData\chocolatey\bin;C:\Program Files\nodejs\;C:\Program Files\Cloudflare\Cloudflare WARP\;C:\Users\Nguyen Duc Thien\AppData\Local\Programs\Python\Python311\Scripts\;C:\Users\Nguyen Duc Thien\AppData\Local\Programs\Python\Python311\;C:\Users\Nguyen Duc Thien\AppData\Local\Microsoft\WindowsApps;C:\Users\Nguyen Duc Thien\AppData\Local\Programs\Microsoft VS Code\bin;C:\Program Files\Java\jdk-18.0.1.1\bin;C:\Program Files\JetBrains\IntelliJ IDEA 2023.2.2\bin;;C:\Program Files\JetBrains\IntelliJ IDEA Community Edition 2023.2.2\bin;;C:\Program Files\nodejs;C:\Users\Nguyen Duc Thien\AppData\Local\Programs\oh-my-posh\bin;C:\Users\Nguyen Duc Thien\AppData\Local\Programs\Python\Python310\Scripts;C:\Users\Nguyen Duc Thien\AppData\Local\Programs\Python\Python310;C:\Users\Nguyen Duc Thien\AppData\Local\GitHubDesktop\bin;C:\Users\Nguyen Duc Thien\.dotnet\tools;C:\Program Files (x86)\dotnet\host\fxr\8.0.0;C:\Program Files\dotnet\sdk\8.0.100\cs;C:\Users\Nguyen Duc Thien\AppData\Roaming\npm;C:\Users\Nguyen Duc Thien\AppData\Local\Android\Sdk\platform-tools;E:\apache-maven-3.9.6\bin;;."/>
    <property name="java.vm.info" value="mixed mode, sharing"/>
    <property name="java.vendor" value="Microsoft"/>
    <property name="java.vm.version" value="17.0.10+7-LTS"/>
    <property name="sun.io.unicode.encoding" value="UnicodeLittle"/>
    <property name="java.class.version" value="61.0"/>
  </properties>
  <testcase name="testcase10" classname="com.example.TicketTest" time="0.003"/>
  <testcase name="testcase11" classname="com.example.TicketTest" time="0.001"/>
  <testcase name="testcase12" classname="com.example.TicketTest" time="0"/>
  <testcase name="testcase13" classname="com.example.TicketTest" time="0"/>
  <testcase name="testcase14" classname="com.example.TicketTest" time="0"/>
  <testcase name="testcase15" classname="com.example.TicketTest" time="0"/>
  <testcase name="testcase16" classname="com.example.TicketTest" time="0"/>
  <testcase name="testcase17" classname="com.example.TicketTest" time="0"/>
  <testcase name="testcase18" classname="com.example.TicketTest" time="0"/>
  <testcase name="testcase1" classname="com.example.TicketTest" time="0.001"/>
  <testcase name="testcase2" classname="com.example.TicketTest" time="0"/>
  <testcase name="testcase3" classname="com.example.TicketTest" time="0"/>
  <testcase name="testcase4" classname="com.example.TicketTest" time="0"/>
  <testcase name="testcase5" classname="com.example.TicketTest" time="0"/>
  <testcase name="testcase6" classname="com.example.TicketTest" time="0"/>
  <testcase name="testcase7" classname="com.example.TicketTest" time="0"/>
  <testcase name="testcase8" classname="com.example.TicketTest" time="0.001"/>
  <testcase name="testcase9" classname="com.example.TicketTest" time="0"/>
</testsuite>